<?xml version="1.0" encoding="UTF-8"?>
<!-- Generated by org.testng.reporters.JUnitXMLReporter -->
<testsuite ignored="0" hostname="LAPTOP-TQ07IDTP" failures="0" tests="4" name=" Submit Order Test" time="122.286" errors="0" timestamp="2022-12-11T18:44:41 IST">
  <testcase classname="Avdhut.SeleniumFramework.SubmitOrderTest" name="submitorder" time="28.149"/>
  <testcase classname="Avdhut.SeleniumFramework.SubmitOrderTest" name="submitorder" time="28.367"/>
  <testcase classname="Avdhut.SeleniumFramework.SubmitOrderTest" name="OrderHistoryTest" time="13.72"/>
  <testcase classname="Avdhut.SeleniumFramework.SubmitOrderTest" name="OrderHistoryTest" time="4.781"/>
</testsuite> <!--  Submit Order Test -->
