<?xml version="1.0" encoding="UTF-8"?>
<!-- Generated by org.testng.reporters.JUnitXMLReporter -->
<testsuite ignored="0" hostname="LAPTOP-TQ07IDTP" failures="0" tests="4" name=" Submit Order Test" time="59.517" errors="0" timestamp="2022-10-04T20:29:05 IST">
  <testcase classname="Avdhut.SeleniumFramework.SubmitOrderTest" name="submitorder" time="13.383"/>
  <testcase classname="Avdhut.SeleniumFramework.SubmitOrderTest" name="submitorder" time="13.707"/>
  <testcase classname="Avdhut.SeleniumFramework.SubmitOrderTest" name="OrderHistoryTest" time="2.278"/>
  <testcase classname="Avdhut.SeleniumFramework.SubmitOrderTest" name="OrderHistoryTest" time="2.406"/>
</testsuite> <!--  Submit Order Test -->
