<?xml version="1.0" encoding="UTF-8"?>
<!-- Generated by org.testng.reporters.JUnitXMLReporter -->
<testsuite ignored="2" hostname="LAPTOP-TQ07IDTP" failures="0" tests="0" time="0.01" errors="0" timestamp="2022-10-04T20:28:05 IST">
  <testcase classname="Avdhut.SeleniumFramework.ErrorValidation" name="submitorder" time="0.0">
    <ignored/>
  </testcase> <!-- submitorder -->
  <testcase classname="Avdhut.SeleniumFramework.ErrorValidation" name="ProductErrorValidation" time="0.0">
    <ignored/>
  </testcase> <!-- ProductErrorValidation -->
</testsuite>
