<?xml version="1.0" encoding="UTF-8"?>
<testng-results ignored="2" total="6" passed="4" failed="0" skipped="0">
  <reporter-output>
  </reporter-output>
  <suite started-at="2022-10-04T20:28:05 IST" name="Suite" finished-at="2022-10-04T20:29:05 IST" duration-ms="59517">
    <groups>
      <group name="Purchase">
        <method signature="SubmitOrderTest.submitorder(java.util.HashMap)[pri:0, instance:Avdhut.SeleniumFramework.SubmitOrderTest@548a24a]" name="submitorder" class="Avdhut.SeleniumFramework.SubmitOrderTest"/>
        <method signature="SubmitOrderTest.OrderHistoryTest(java.util.HashMap)[pri:0, instance:Avdhut.SeleniumFramework.SubmitOrderTest@548a24a]" name="OrderHistoryTest" class="Avdhut.SeleniumFramework.SubmitOrderTest"/>
      </group> <!-- Purchase -->
    </groups>
    <test started-at="2022-10-04T20:28:05 IST" name="Error Validation Test" finished-at="2022-10-04T20:28:05 IST" duration-ms="10">
    </test> <!-- Error Validation Test -->
    <test started-at="2022-10-04T20:28:05 IST" name=" Submit Order Test" finished-at="2022-10-04T20:29:05 IST" duration-ms="59517">
      <class name="Avdhut.SeleniumFramework.SubmitOrderTest">
        <test-method is-config="true" signature="launchApplication()[pri:0, instance:Avdhut.SeleniumFramework.SubmitOrderTest@548a24a]" started-at="2022-10-04T20:28:06 IST" name="launchApplication" finished-at="2022-10-04T20:28:09 IST" duration-ms="2954" status="PASS">
          <reporter-output>
          </reporter-output>
        </test-method> <!-- launchApplication -->
        <test-method signature="submitorder(java.util.HashMap)[pri:0, instance:Avdhut.SeleniumFramework.SubmitOrderTest@548a24a]" started-at="2022-10-04T20:28:09 IST" name="submitorder" data-provider="getData" finished-at="2022-10-04T20:28:22 IST" duration-ms="13383" status="PASS">
          <params>
            <param index="0">
              <value>
                <![CDATA[{password=Iamking@000, product=ZARA COAT 3, email=anshika@gmail.com}]]>
              </value>
            </param>
          </params>
          <reporter-output>
          </reporter-output>
        </test-method> <!-- submitorder -->
        <test-method is-config="true" signature="tearDown()[pri:0, instance:Avdhut.SeleniumFramework.SubmitOrderTest@548a24a]" started-at="2022-10-04T20:28:22 IST" name="tearDown" finished-at="2022-10-04T20:28:22 IST" duration-ms="207" status="PASS">
          <reporter-output>
          </reporter-output>
        </test-method> <!-- tearDown -->
        <test-method is-config="true" signature="launchApplication()[pri:0, instance:Avdhut.SeleniumFramework.SubmitOrderTest@548a24a]" started-at="2022-10-04T20:28:22 IST" name="launchApplication" finished-at="2022-10-04T20:28:25 IST" duration-ms="2823" status="PASS">
          <reporter-output>
          </reporter-output>
        </test-method> <!-- launchApplication -->
        <test-method signature="submitorder(java.util.HashMap)[pri:0, instance:Avdhut.SeleniumFramework.SubmitOrderTest@548a24a]" started-at="2022-10-04T20:28:25 IST" name="submitorder" data-provider="getData" finished-at="2022-10-04T20:28:39 IST" duration-ms="13707" status="PASS">
          <params>
            <param index="0">
              <value>
                <![CDATA[{password=Iamking@000, product=ADIDAS ORIGINAL, email=shetty@gmail.com}]]>
              </value>
            </param>
          </params>
          <reporter-output>
          </reporter-output>
        </test-method> <!-- submitorder -->
        <test-method is-config="true" signature="tearDown()[pri:0, instance:Avdhut.SeleniumFramework.SubmitOrderTest@548a24a]" started-at="2022-10-04T20:28:39 IST" name="tearDown" finished-at="2022-10-04T20:28:39 IST" duration-ms="170" status="PASS">
          <reporter-output>
          </reporter-output>
        </test-method> <!-- tearDown -->
        <test-method is-config="true" signature="launchApplication()[pri:0, instance:Avdhut.SeleniumFramework.SubmitOrderTest@548a24a]" started-at="2022-10-04T20:28:39 IST" name="launchApplication" finished-at="2022-10-04T20:28:41 IST" duration-ms="1803" status="PASS">
          <reporter-output>
          </reporter-output>
        </test-method> <!-- launchApplication -->
        <test-method signature="OrderHistoryTest(java.util.HashMap)[pri:0, instance:Avdhut.SeleniumFramework.SubmitOrderTest@548a24a]" started-at="2022-10-04T20:28:41 IST" name="OrderHistoryTest" data-provider="getData" finished-at="2022-10-04T20:28:43 IST" depends-on-methods="Avdhut.SeleniumFramework.SubmitOrderTest.submitorder" duration-ms="2278" status="PASS">
          <params>
            <param index="0">
              <value>
                <![CDATA[{password=Iamking@000, product=ZARA COAT 3, email=anshika@gmail.com}]]>
              </value>
            </param>
          </params>
          <reporter-output>
          </reporter-output>
        </test-method> <!-- OrderHistoryTest -->
        <test-method is-config="true" signature="tearDown()[pri:0, instance:Avdhut.SeleniumFramework.SubmitOrderTest@548a24a]" started-at="2022-10-04T20:28:43 IST" name="tearDown" finished-at="2022-10-04T20:28:43 IST" duration-ms="129" status="PASS">
          <reporter-output>
          </reporter-output>
        </test-method> <!-- tearDown -->
        <test-method is-config="true" signature="launchApplication()[pri:0, instance:Avdhut.SeleniumFramework.SubmitOrderTest@548a24a]" started-at="2022-10-04T20:28:43 IST" name="launchApplication" finished-at="2022-10-04T20:28:46 IST" duration-ms="2641" status="PASS">
          <reporter-output>
          </reporter-output>
        </test-method> <!-- launchApplication -->
        <test-method signature="OrderHistoryTest(java.util.HashMap)[pri:0, instance:Avdhut.SeleniumFramework.SubmitOrderTest@548a24a]" started-at="2022-10-04T20:28:46 IST" name="OrderHistoryTest" data-provider="getData" finished-at="2022-10-04T20:28:48 IST" depends-on-methods="Avdhut.SeleniumFramework.SubmitOrderTest.submitorder" duration-ms="2406" status="PASS">
          <params>
            <param index="0">
              <value>
                <![CDATA[{password=Iamking@000, product=ADIDAS ORIGINAL, email=shetty@gmail.com}]]>
              </value>
            </param>
          </params>
          <reporter-output>
          </reporter-output>
        </test-method> <!-- OrderHistoryTest -->
        <test-method is-config="true" signature="tearDown()[pri:0, instance:Avdhut.SeleniumFramework.SubmitOrderTest@548a24a]" started-at="2022-10-04T20:28:48 IST" name="tearDown" finished-at="2022-10-04T20:29:05 IST" duration-ms="16733" status="PASS">
          <reporter-output>
          </reporter-output>
        </test-method> <!-- tearDown -->
      </class> <!-- Avdhut.SeleniumFramework.SubmitOrderTest -->
    </test> <!--  Submit Order Test -->
  </suite> <!-- Suite -->
</testng-results>
