<?xml version="1.0" encoding="UTF-8"?>
<testng-results ignored="2" total="6" passed="4" failed="0" skipped="0">
  <reporter-output>
  </reporter-output>
  <suite started-at="2022-12-11T18:42:39 IST" name="Suite" finished-at="2022-12-11T18:44:41 IST" duration-ms="122286">
    <groups>
      <group name="Purchase">
        <method signature="SubmitOrderTest.submitorder(java.util.HashMap)[pri:0, instance:Avdhut.SeleniumFramework.SubmitOrderTest@5b38c1ec]" name="submitorder" class="Avdhut.SeleniumFramework.SubmitOrderTest"/>
        <method signature="SubmitOrderTest.OrderHistoryTest(java.util.HashMap)[pri:0, instance:Avdhut.SeleniumFramework.SubmitOrderTest@5b38c1ec]" name="OrderHistoryTest" class="Avdhut.SeleniumFramework.SubmitOrderTest"/>
      </group> <!-- Purchase -->
    </groups>
    <test started-at="2022-12-11T18:42:39 IST" name="Error Validation Test" finished-at="2022-12-11T18:42:52 IST" duration-ms="12808">
      <class name="Avdhut.SeleniumFramework.ErrorValidation">
        <test-method is-config="true" signature="launchApplication()[pri:0, instance:Avdhut.SeleniumFramework.ErrorValidation@f68f0dc]" started-at="2022-12-11T18:42:39 IST" name="launchApplication" finished-at="2022-12-11T18:42:52 IST" duration-ms="12755" status="PASS">
          <reporter-output>
          </reporter-output>
        </test-method> <!-- launchApplication -->
      </class> <!-- Avdhut.SeleniumFramework.ErrorValidation -->
    </test> <!-- Error Validation Test -->
    <test started-at="2022-12-11T18:42:39 IST" name=" Submit Order Test" finished-at="2022-12-11T18:44:41 IST" duration-ms="122286">
      <class name="Avdhut.SeleniumFramework.SubmitOrderTest">
        <test-method is-config="true" signature="launchApplication()[pri:0, instance:Avdhut.SeleniumFramework.SubmitOrderTest@5b38c1ec]" started-at="2022-12-11T18:42:39 IST" name="launchApplication" finished-at="2022-12-11T18:42:53 IST" duration-ms="14248" status="PASS">
          <reporter-output>
          </reporter-output>
        </test-method> <!-- launchApplication -->
        <test-method signature="submitorder(java.util.HashMap)[pri:0, instance:Avdhut.SeleniumFramework.SubmitOrderTest@5b38c1ec]" started-at="2022-12-11T18:42:53 IST" name="submitorder" data-provider="getData" finished-at="2022-12-11T18:43:22 IST" duration-ms="28149" status="PASS">
          <params>
            <param index="0">
              <value>
                <![CDATA[{password=Iamking@000, product=ZARA COAT 3, email=anshika@gmail.com}]]>
              </value>
            </param>
          </params>
          <reporter-output>
          </reporter-output>
        </test-method> <!-- submitorder -->
        <test-method is-config="true" signature="tearDown()[pri:0, instance:Avdhut.SeleniumFramework.SubmitOrderTest@5b38c1ec]" started-at="2022-12-11T18:43:22 IST" name="tearDown" finished-at="2022-12-11T18:43:22 IST" duration-ms="98" status="PASS">
          <reporter-output>
          </reporter-output>
        </test-method> <!-- tearDown -->
        <test-method signature="submitorder(java.util.HashMap)[pri:0, instance:Avdhut.SeleniumFramework.SubmitOrderTest@5b38c1ec]" started-at="2022-12-11T18:43:22 IST" name="submitorder" data-provider="getData" finished-at="2022-12-11T18:43:50 IST" duration-ms="28367" status="PASS">
          <params>
            <param index="0">
              <value>
                <![CDATA[{password=Iamking@000, product=ADIDAS ORIGINAL, email=shetty@gmail.com}]]>
              </value>
            </param>
          </params>
          <reporter-output>
          </reporter-output>
        </test-method> <!-- submitorder -->
        <test-method is-config="true" signature="tearDown()[pri:0, instance:Avdhut.SeleniumFramework.SubmitOrderTest@5b38c1ec]" started-at="2022-12-11T18:43:50 IST" name="tearDown" finished-at="2022-12-11T18:43:50 IST" duration-ms="119" status="PASS">
          <reporter-output>
          </reporter-output>
        </test-method> <!-- tearDown -->
        <test-method signature="OrderHistoryTest(java.util.HashMap)[pri:0, instance:Avdhut.SeleniumFramework.SubmitOrderTest@5b38c1ec]" started-at="2022-12-11T18:43:50 IST" name="OrderHistoryTest" data-provider="getData" finished-at="2022-12-11T18:44:04 IST" depends-on-methods="Avdhut.SeleniumFramework.SubmitOrderTest.submitorder" duration-ms="13720" status="PASS">
          <params>
            <param index="0">
              <value>
                <![CDATA[{password=Iamking@000, product=ZARA COAT 3, email=anshika@gmail.com}]]>
              </value>
            </param>
          </params>
          <reporter-output>
          </reporter-output>
        </test-method> <!-- OrderHistoryTest -->
        <test-method is-config="true" signature="tearDown()[pri:0, instance:Avdhut.SeleniumFramework.SubmitOrderTest@5b38c1ec]" started-at="2022-12-11T18:44:04 IST" name="tearDown" finished-at="2022-12-11T18:44:20 IST" duration-ms="16239" status="PASS">
          <reporter-output>
          </reporter-output>
        </test-method> <!-- tearDown -->
        <test-method signature="OrderHistoryTest(java.util.HashMap)[pri:0, instance:Avdhut.SeleniumFramework.SubmitOrderTest@5b38c1ec]" started-at="2022-12-11T18:44:20 IST" name="OrderHistoryTest" data-provider="getData" finished-at="2022-12-11T18:44:25 IST" depends-on-methods="Avdhut.SeleniumFramework.SubmitOrderTest.submitorder" duration-ms="4781" status="PASS">
          <params>
            <param index="0">
              <value>
                <![CDATA[{password=Iamking@000, product=ADIDAS ORIGINAL, email=shetty@gmail.com}]]>
              </value>
            </param>
          </params>
          <reporter-output>
          </reporter-output>
        </test-method> <!-- OrderHistoryTest -->
        <test-method is-config="true" signature="tearDown()[pri:0, instance:Avdhut.SeleniumFramework.SubmitOrderTest@5b38c1ec]" started-at="2022-12-11T18:44:25 IST" name="tearDown" finished-at="2022-12-11T18:44:41 IST" duration-ms="16236" status="PASS">
          <reporter-output>
          </reporter-output>
        </test-method> <!-- tearDown -->
      </class> <!-- Avdhut.SeleniumFramework.SubmitOrderTest -->
    </test> <!--  Submit Order Test -->
  </suite> <!-- Suite -->
</testng-results>
